<?xml version="1.0" encoding="UTF-8"?>
<testsuite name="RationalTest" tests="7" skipped="0" failures="0" errors="0" timestamp="2022-09-12T14:46:52" hostname="DON-LAPTOP" time="0.009">
  <properties/>
  <testcase name="testAdd" classname="RationalTest" time="0.007"/>
  <testcase name="testSubtract" classname="RationalTest" time="0.0"/>
  <testcase name="testEqual" classname="RationalTest" time="0.0"/>
  <testcase name="testToString" classname="RationalTest" time="0.001"/>
  <testcase name="testCompare" classname="RationalTest" time="0.0"/>
  <testcase name="testDivide" classname="RationalTest" time="0.0"/>
  <testcase name="testMultiply" classname="RationalTest" time="0.0"/>
  <system-out><![CDATA[]]></system-out>
  <system-err><![CDATA[]]></system-err>
</testsuite>
